<?xml version="1.0" encoding="UTF-8"?>
<!-- Generated by org.testng.reporters.JUnitReportReporter -->
<testsuite hostname="LAPTOP-J2DL21N1" failures="0" tests="1" name="selenium.MultipleWindowsClass" time="4.796" errors="0" timestamp="2023-07-14T22:58:16 SELÄŒ" skipped="0">
  <testcase classname="selenium.MultipleWindowsClass" name="testMultipleWindows" time="4.796"/>
</testsuite> <!-- selenium.MultipleWindowsClass -->
